[19 Abr 2020 14:51:17] Building database metadata model
[19 Abr 2020 14:51:17] Properties: {partialRefresh=false, processColumnsUsingSelect=, includePrimaryKeys=true, eventSocketClient=com.webratio.commons.net.EventSocketClient@511d9ca5, includeTables=true, username=root, outputLogPath=C:\WebRatio\WebRatio Platform 7.2.18.x64bit\workspace\WebRatio\.Temp~\DB.xml.log, readIndexes=null, driverClass=com.mysql.jdbc.Driver, includeSynonyms=true, metaDataProviderClass=com.webratio.commons.db.metadata.MySQLMetaDataProvider, outputPath=C:\WebRatio\WebRatio Platform 7.2.18.x64bit\workspace\WebRatio\.Temp~\DB.xml, schemaRegex=null, readProcedures=null, includeViews=true, derby.system.home=C:\WebRatio\WebRatio Platform 7.2.18.x64bit\workspace\.metadata\.plugins\com.webratio.commons.db\derby, url=jdbc:mysql://localhost:3306/Crosswalk, tableRegex=null, readSQLDefinitions=true, includeForeignKeys=true, retrieveAllNames=false, tablesToRefresh=, eventSocketPort=59174}
[19 Abr 2020 14:51:17] URL: jdbc:mysql://localhost:3306/Crosswalk
[19 Abr 2020 14:51:17] Product name: MySQL
[19 Abr 2020 14:51:17] Product version: 5.7.27-log
[19 Abr 2020 14:51:17] Driver name: MySQL Connector Java
[19 Abr 2020 14:51:17] Driver version: mysql-connector-java-5.1.31 ( Revision: alexander.soklakov@oracle.com-20140520065950-groqzzbvxprqdmnz )
[19 Abr 2020 14:51:17] Driver major version: 5
[19 Abr 2020 14:51:17] Driver minor version: 1
[19 Abr 2020 14:51:17] Identifier quote string: 1
[19 Abr 2020 14:51:17] Retrieving schemas
[19 Abr 2020 14:51:17] Retrieving [TABLE, VIEW, SYNONYM] for schema ''
[19 Abr 2020 14:51:17]   Found 'coordinates' [type = TABLE]
[19 Abr 2020 14:51:17]   Found 'crosswalk' [type = TABLE]
[19 Abr 2020 14:51:17]   Found 'group' [type = TABLE]
[19 Abr 2020 14:51:17]   Found 'group_module' [type = TABLE]
[19 Abr 2020 14:51:17]   Found 'module' [type = TABLE]
[19 Abr 2020 14:51:17]   Found 'user' [type = TABLE]
[19 Abr 2020 14:51:17]   Found 'user_group' [type = TABLE]
[19 Abr 2020 14:51:17] Retrieving columns for 'coordinates' [type = TABLE]
[19 Abr 2020 14:51:17]   Found column: oid [type = INT][SQL/XOPEN type = 4][size = 10][dec. digits = 0]
[19 Abr 2020 14:51:17]   Found column: latitude [type = DOUBLE][SQL/XOPEN type = 8][size = 22][dec. digits = 0]
[19 Abr 2020 14:51:17]   Found column: longitude [type = DOUBLE][SQL/XOPEN type = 8][size = 22][dec. digits = 0]
[19 Abr 2020 14:51:17] Retrieving primary keys for 'coordinates' [type = TABLE]
[19 Abr 2020 14:51:17]   Found primary key column: oid
[19 Abr 2020 14:51:17] Retrieving columns for 'crosswalk' [type = TABLE]
[19 Abr 2020 14:51:17]   Found column: oid [type = INT][SQL/XOPEN type = 4][size = 10][dec. digits = 0]
[19 Abr 2020 14:51:17]   Found column: state [type = VARCHAR][SQL/XOPEN type = 12][size = 255][dec. digits = 0]
[19 Abr 2020 14:51:17]   Found column: cars [type = INT][SQL/XOPEN type = 4][size = 10][dec. digits = 0]
[19 Abr 2020 14:51:17]   Found column: pedestrians [type = INT][SQL/XOPEN type = 4][size = 10][dec. digits = 0]
[19 Abr 2020 14:51:17]   Found column: coordinates_oid [type = INT][SQL/XOPEN type = 4][size = 10][dec. digits = 0]
[19 Abr 2020 14:51:17]   Found column: coordinates_oid_2 [type = INT][SQL/XOPEN type = 4][size = 10][dec. digits = 0]
[19 Abr 2020 14:51:17] Retrieving primary keys for 'crosswalk' [type = TABLE]
[19 Abr 2020 14:51:17]   Found primary key column: oid
[19 Abr 2020 14:51:17] Retrieving columns for 'group' [type = TABLE]
[19 Abr 2020 14:51:17]   Found column: oid [type = INT][SQL/XOPEN type = 4][size = 10][dec. digits = 0]
[19 Abr 2020 14:51:17]   Found column: groupname [type = VARCHAR][SQL/XOPEN type = 12][size = 255][dec. digits = 0]
[19 Abr 2020 14:51:17]   Found column: module_oid [type = INT][SQL/XOPEN type = 4][size = 10][dec. digits = 0]
[19 Abr 2020 14:51:17] Retrieving primary keys for 'group' [type = TABLE]
[19 Abr 2020 14:51:17]   Found primary key column: oid
[19 Abr 2020 14:51:17] Retrieving columns for 'group_module' [type = TABLE]
[19 Abr 2020 14:51:17]   Found column: group_oid [type = INT][SQL/XOPEN type = 4][size = 10][dec. digits = 0]
[19 Abr 2020 14:51:17]   Found column: module_oid [type = INT][SQL/XOPEN type = 4][size = 10][dec. digits = 0]
[19 Abr 2020 14:51:17] Retrieving primary keys for 'group_module' [type = TABLE]
[19 Abr 2020 14:51:17]   Found primary key column: group_oid
[19 Abr 2020 14:51:17]   Found primary key column: module_oid
[19 Abr 2020 14:51:17] Retrieving columns for 'module' [type = TABLE]
[19 Abr 2020 14:51:17]   Found column: oid [type = INT][SQL/XOPEN type = 4][size = 10][dec. digits = 0]
[19 Abr 2020 14:51:17]   Found column: moduleid [type = VARCHAR][SQL/XOPEN type = 12][size = 255][dec. digits = 0]
[19 Abr 2020 14:51:17]   Found column: modulename [type = VARCHAR][SQL/XOPEN type = 12][size = 255][dec. digits = 0]
[19 Abr 2020 14:51:17] Retrieving primary keys for 'module' [type = TABLE]
[19 Abr 2020 14:51:17]   Found primary key column: oid
[19 Abr 2020 14:51:17] Retrieving columns for 'user' [type = TABLE]
[19 Abr 2020 14:51:17]   Found column: oid [type = INT][SQL/XOPEN type = 4][size = 10][dec. digits = 0]
[19 Abr 2020 14:51:17]   Found column: username [type = VARCHAR][SQL/XOPEN type = 12][size = 255][dec. digits = 0]
[19 Abr 2020 14:51:17]   Found column: password [type = VARCHAR][SQL/XOPEN type = 12][size = 255][dec. digits = 0]
[19 Abr 2020 14:51:17]   Found column: email [type = VARCHAR][SQL/XOPEN type = 12][size = 255][dec. digits = 0]
[19 Abr 2020 14:51:17]   Found column: group_oid [type = INT][SQL/XOPEN type = 4][size = 10][dec. digits = 0]
[19 Abr 2020 14:51:17] Retrieving primary keys for 'user' [type = TABLE]
[19 Abr 2020 14:51:17]   Found primary key column: oid
[19 Abr 2020 14:51:17] Retrieving columns for 'user_group' [type = TABLE]
[19 Abr 2020 14:51:17]   Found column: user_oid [type = INT][SQL/XOPEN type = 4][size = 10][dec. digits = 0]
[19 Abr 2020 14:51:17]   Found column: group_oid [type = INT][SQL/XOPEN type = 4][size = 10][dec. digits = 0]
[19 Abr 2020 14:51:17] Retrieving primary keys for 'user_group' [type = TABLE]
[19 Abr 2020 14:51:17]   Found primary key column: user_oid
[19 Abr 2020 14:51:17]   Found primary key column: group_oid
[19 Abr 2020 14:51:17] Retrieving foreign keys for 'coordinates' [type = TABLE]
[19 Abr 2020 14:51:17] Retrieving foreign keys for 'crosswalk' [type = TABLE]
[19 Abr 2020 14:51:17]   Found foreign key: column coordinates_oid references coordinates(oid)
[19 Abr 2020 14:51:17]   Found foreign key: column coordinates_oid_2 references coordinates(oid)
[19 Abr 2020 14:51:17] Retrieving foreign keys for 'group' [type = TABLE]
[19 Abr 2020 14:51:17]   Found foreign key: column module_oid references module(oid)
[19 Abr 2020 14:51:17] Retrieving foreign keys for 'group_module' [type = TABLE]
[19 Abr 2020 14:51:17]   Found foreign key: column group_oid references group(oid)
[19 Abr 2020 14:51:17]   Found foreign key: column module_oid references module(oid)
[19 Abr 2020 14:51:17] Retrieving foreign keys for 'module' [type = TABLE]
[19 Abr 2020 14:51:17] Retrieving foreign keys for 'user' [type = TABLE]
[19 Abr 2020 14:51:17]   Found foreign key: column group_oid references group(oid)
[19 Abr 2020 14:51:17] Retrieving foreign keys for 'user_group' [type = TABLE]
[19 Abr 2020 14:51:17]   Found foreign key: column group_oid references group(oid)
[19 Abr 2020 14:51:17]   Found foreign key: column user_oid references user(oid)
[19 Abr 2020 14:51:17] Database metadata retrieved (113 ms)
[19 Abr 2020 14:51:17] Retrieving auto-increment columns for 'coordinates' [type = TABLE]
[19 Abr 2020 14:51:17] Retrieving auto-increment columns for 'crosswalk' [type = TABLE]
[19 Abr 2020 14:51:17] Retrieving auto-increment columns for 'group' [type = TABLE]
[19 Abr 2020 14:51:17] Retrieving auto-increment columns for 'group_module' [type = TABLE]
[19 Abr 2020 14:51:17] Retrieving auto-increment columns for 'module' [type = TABLE]
[19 Abr 2020 14:51:17] Retrieving auto-increment columns for 'user' [type = TABLE]
[19 Abr 2020 14:51:17] Retrieving auto-increment columns for 'user_group' [type = TABLE]
[19 Abr 2020 14:51:17] Database connection closed
